[preview.colorlib.com/theme/nitro/index.html]
[backblue.gif]
[fade.gif]
[index.html]
[preview.colorlib.com/theme/nitro/fonts/icomoon/style.css]
[preview.colorlib.com/theme/nitro/css/bootstrap.min.css]
[preview.colorlib.com/theme/nitro/css/jquery-ui.css]
[preview.colorlib.com/theme/nitro/css/owl.carousel.min.css]
[preview.colorlib.com/theme/nitro/css/owl.theme.default.min.css]
[preview.colorlib.com/theme/nitro/css/jquery.fancybox.min.css]
[preview.colorlib.com/theme/nitro/css/bootstrap-datepicker.css]
[preview.colorlib.com/theme/nitro/fonts/flaticon/font/flaticon.css]
[preview.colorlib.com/theme/nitro/css/aos.css]
[preview.colorlib.com/theme/nitro/css/style.css]
[preview.colorlib.com/theme/nitro/index-2.html]
[preview.colorlib.com/theme/nitro/images/hero_2.jpg]
[preview.colorlib.com/theme/nitro/images/hero_1.jpg]
[preview.colorlib.com/theme/nitro/images/slide_1.jpg]
[preview.colorlib.com/theme/nitro/images/slide_2.jpg]
[preview.colorlib.com/theme/nitro/images/slide_3.jpg]
[preview.colorlib.com/theme/nitro/images/slide_4.jpg]
[preview.colorlib.com/theme/nitro/images/person_5.jpg]
[preview.colorlib.com/theme/nitro/images/person_6.jpg]
[preview.colorlib.com/theme/nitro/images/person_7.jpg]
[preview.colorlib.com/theme/nitro/images/person_8.jpg]
[preview.colorlib.com/theme/nitro/images/person_1.jpg]
[preview.colorlib.com/theme/nitro/images/person_2.jpg]
[preview.colorlib.com/theme/nitro/images/person_3.jpg]
[preview.colorlib.com/theme/nitro/images/person_4.jpg]
[preview.colorlib.com/theme/nitro/images/img_1.jpg]
[preview.colorlib.com/theme/nitro/images/img_2.jpg]
[preview.colorlib.com/theme/nitro/images/img_3.jpg]
[preview.colorlib.com/theme/nitro/images/img_4.jpg]
[preview.colorlib.com/theme/nitro/images/img_5.jpg]
[preview.colorlib.com/theme/nitro/images/img_6.jpg]
[preview.colorlib.com/theme/nitro/images/img_7.jpg]
[preview.colorlib.com/theme/nitro/images/img_8.jpg]
[preview.colorlib.com/theme/nitro/images/img_9.jpg]
[preview.colorlib.com/theme/nitro/images/img_10.jpg]
[preview.colorlib.com/theme/nitro/images/img_11.jpg]
[preview.colorlib.com/theme/nitro/images/img_12.jpg]
[preview.colorlib.com/theme/nitro/images/img_13.jpg]
[preview.colorlib.com/theme/nitro/images/about_1.jpg]
[preview.colorlib.com/theme/nitro/single.html]
[preview.colorlib.com/cdn-cgi/scripts/5c5dd728/cloudflare-static/email-decode.min.js]
[preview.colorlib.com/theme/nitro/js/jquery-3.3.1.min.js]
[preview.colorlib.com/theme/nitro/js/jquery-ui.js]
[preview.colorlib.com/theme/nitro/js/popper.min.js]
[preview.colorlib.com/theme/nitro/js/bootstrap.min.js]
[preview.colorlib.com/theme/nitro/js/owl.carousel.min.js]
[preview.colorlib.com/theme/nitro/js/jquery.countdown.min.js]
[preview.colorlib.com/theme/nitro/js/jquery.easing.1.3.js]
[preview.colorlib.com/theme/nitro/js/aos.js]
[preview.colorlib.com/theme/nitro/js/jquery.fancybox.min.js]
[preview.colorlib.com/theme/nitro/js/jquery.sticky.js]
[preview.colorlib.com/theme/nitro/js/isotope.pkgd.min.js]
[preview.colorlib.com/theme/nitro/index.html]
[preview.colorlib.com/theme/nitro/js/main.js]
[preview.colorlib.com/theme/nitro/fonts/icomoon/fonts/icomoon1a44.eot]
[preview.colorlib.com/theme/nitro/fonts/icomoon/fonts/icomoon1a44.ttf]
[preview.colorlib.com/theme/nitro/fonts/icomoon/fonts/icomoon1a44.woff]
[preview.colorlib.com/theme/nitro/fonts/icomoon/style.css]
[preview.colorlib.com/theme/nitro/css/bootstrap.min.css]
[preview.colorlib.com/theme/nitro/fonts/icomoon/fonts/icomoon1a44.svg]
[preview.colorlib.com/theme/nitro/css/images/ui-bg_gloss-wave_55_5c9ccc_500x100.png]
[preview.colorlib.com/theme/nitro/css/images/ui-bg_glass_85_dfeffc_1x400.png]
[preview.colorlib.com/theme/nitro/css/images/ui-bg_glass_75_d0e5f5_1x400.png]
[preview.colorlib.com/theme/nitro/css/images/ui-bg_inset-hard_100_f5f8f9_1x100.png]
[preview.colorlib.com/theme/nitro/css/images/ui-bg_glass_95_fef1ec_1x400.png]
[preview.colorlib.com/theme/nitro/css/images/ui-icons_469bdd_256x240.png]
[preview.colorlib.com/theme/nitro/css/images/ui-icons_d8e7f3_256x240.png]
[preview.colorlib.com/theme/nitro/css/images/ui-icons_6da8d5_256x240.png]
[preview.colorlib.com/theme/nitro/css/images/ui-icons_217bc0_256x240.png]
[preview.colorlib.com/theme/nitro/css/images/ui-icons_f9bd01_256x240.png]
[preview.colorlib.com/theme/nitro/css/images/ui-icons_2e83ff_256x240.png]
[preview.colorlib.com/theme/nitro/css/images/ui-icons_cd0a0a_256x240.png]
[preview.colorlib.com/theme/nitro/css/jquery-ui.css]
[preview.colorlib.com/theme/nitro/css/owl.video.play.png]
[preview.colorlib.com/theme/nitro/css/owl.carousel.min.css]
[preview.colorlib.com/theme/nitro/css/owl.theme.default.min.css]
[preview.colorlib.com/theme/nitro/css/jquery.fancybox.min.css]
[preview.colorlib.com/theme/nitro/css/bootstrap-datepicker.css]
[preview.colorlib.com/theme/nitro/fonts/flaticon/font/Flaticon.eot]
[preview.colorlib.com/theme/nitro/fonts/flaticon/font/Flaticond41d.eot]
[preview.colorlib.com/theme/nitro/fonts/flaticon/font/Flaticon.woff2]
[preview.colorlib.com/theme/nitro/fonts/flaticon/font/Flaticon.woff]
[preview.colorlib.com/theme/nitro/fonts/flaticon/font/Flaticon.ttf]
[preview.colorlib.com/theme/nitro/fonts/flaticon/font/flaticon.css]
[preview.colorlib.com/theme/nitro/css/aos.css]
[preview.colorlib.com/theme/nitro/css/style.css]
[preview.colorlib.com/theme/nitro/index-2.html]
[preview.colorlib.com/theme/nitro/single.html]
[preview.colorlib.com/theme/nitro/fonts/icomoon/fonts/icomoon1a44.svg]
[preview.colorlib.com/theme/nitro/css/images/ui-bg_gloss-wave_55_5c9ccc_500x100.html]
[preview.colorlib.com/theme/nitro/css/images/ui-bg_glass_85_dfeffc_1x400.html]
[preview.colorlib.com/theme/nitro/css/images/ui-bg_glass_75_d0e5f5_1x400.html]
[preview.colorlib.com/theme/nitro/css/images/ui-bg_inset-hard_100_f5f8f9_1x100.html]
[preview.colorlib.com/theme/nitro/css/images/ui-bg_glass_95_fef1ec_1x400.html]
[preview.colorlib.com/theme/nitro/css/images/ui-icons_469bdd_256x240.html]
[preview.colorlib.com/theme/nitro/css/images/ui-icons_d8e7f3_256x240.html]
[preview.colorlib.com/theme/nitro/css/images/ui-icons_6da8d5_256x240.html]
[preview.colorlib.com/theme/nitro/css/images/ui-icons_217bc0_256x240.html]
[preview.colorlib.com/theme/nitro/css/images/ui-icons_f9bd01_256x240.html]
[preview.colorlib.com/theme/nitro/css/images/ui-icons_2e83ff_256x240.html]
[preview.colorlib.com/theme/nitro/css/images/ui-icons_cd0a0a_256x240.html]
[preview.colorlib.com/theme/nitro/css/owl.video.play.html]
[preview.colorlib.com/theme/nitro/fonts/flaticon/font/Flaticon.svg]
[preview.colorlib.com/theme/nitro/fonts/flaticon/font/Flaticon.svg]
